<?xml version="1.0" encoding="UTF-8"?>
<testng-results skipped="0" failed="0" ignored="0" total="2" passed="2">
  <reporter-output>
  </reporter-output>
  <suite name="Default suite" duration-ms="2844" started-at="2021-06-17T14:37:35 IST" finished-at="2021-06-17T14:37:38 IST">
    <groups>
      <group name="cucumber">
        <method signature="AbstractTestNGCucumberTests.feature(cucumber.api.testng.CucumberFeatureWrapper)[pri:0, instance:runner.Runner@34c4973]" name="feature" class="cucumber.api.testng.AbstractTestNGCucumberTests"/>
      </group> <!-- cucumber -->
    </groups>
    <test name="Default test" duration-ms="2844" started-at="2021-06-17T14:37:35 IST" finished-at="2021-06-17T14:37:38 IST">
      <class name="runner.Runner">
        <test-method status="PASS" signature="setUpClass()[pri:0, instance:runner.Runner@34c4973]" name="setUpClass" is-config="true" duration-ms="1050" started-at="2021-06-17T14:37:35 IST" finished-at="2021-06-17T14:37:36 IST">
          <reporter-output>
          </reporter-output>
        </test-method> <!-- setUpClass -->
        <test-method status="PASS" signature="feature(cucumber.api.testng.CucumberFeatureWrapper)[pri:0, instance:runner.Runner@34c4973]" name="feature" duration-ms="900" started-at="2021-06-17T14:37:37 IST" description="Runs Cucumber Feature" data-provider="features" finished-at="2021-06-17T14:37:38 IST">
          <params>
            <param index="0">
              <value>
                <![CDATA[MyAccountLogin]]>
              </value>
            </param>
          </params>
          <reporter-output>
          </reporter-output>
        </test-method> <!-- feature -->
        <test-method status="PASS" signature="feature(cucumber.api.testng.CucumberFeatureWrapper)[pri:0, instance:runner.Runner@34c4973]" name="feature" duration-ms="37" started-at="2021-06-17T14:37:38 IST" description="Runs Cucumber Feature" data-provider="features" finished-at="2021-06-17T14:37:38 IST">
          <params>
            <param index="0">
              <value>
                <![CDATA[Login to Production]]>
              </value>
            </param>
          </params>
          <reporter-output>
          </reporter-output>
        </test-method> <!-- feature -->
        <test-method status="PASS" signature="tearDownClass()[pri:0, instance:runner.Runner@34c4973]" name="tearDownClass" is-config="true" duration-ms="11" started-at="2021-06-17T14:37:38 IST" finished-at="2021-06-17T14:37:38 IST">
          <reporter-output>
          </reporter-output>
        </test-method> <!-- tearDownClass -->
      </class> <!-- runner.Runner -->
    </test> <!-- Default test -->
  </suite> <!-- Default suite -->
</testng-results>
